app/build/intermediates/manifest_merge_blame_file/debug/manifest-merger-blame-debug-report.txt
1<?xml version="1.0" encoding="utf-8"?>
2<manifest xmlns:android="http://schemas.android.com/apk/res/android"
3    package="com.motor.diagnostic"
4    android:versionCode="1"
5    android:versionName="1.0" >
6
7    <uses-sdk
8        android:minSdkVersion="24"
9        android:targetSdkVersion="34" />
10
11    <uses-permission android:name="android.permission.INTERNET" />
11-->src\main\AndroidManifest.xml:4:5-67
11-->src\main\AndroidManifest.xml:4:22-64
12    <uses-permission android:name="android.permission.ACCESS_NETWORK_STATE" />
12-->src\main\AndroidManifest.xml:5:5-79
12-->src\main\AndroidManifest.xml:5:22-76
13    <uses-permission
13-->src\main\AndroidManifest.xml:6:5-95
14        android:name="android.permission.BLUETOOTH"
14-->src\main\AndroidManifest.xml:6:22-65
15        android:maxSdkVersion="30" />
15-->src\main\AndroidManifest.xml:6:66-92
16    <uses-permission
16-->src\main\AndroidManifest.xml:7:5-101
17        android:name="android.permission.BLUETOOTH_ADMIN"
17-->src\main\AndroidManifest.xml:7:22-71
18        android:maxSdkVersion="30" />
18-->src\main\AndroidManifest.xml:7:72-98
19    <!-- For Android 12+ (API level 31 and above) -->
20    <uses-permission android:name="android.permission.BLUETOOTH_CONNECT" />
20-->src\main\AndroidManifest.xml:9:5-76
20-->src\main\AndroidManifest.xml:9:22-73
21    <uses-permission android:name="android.permission.BLUETOOTH_SCAN" />
21-->src\main\AndroidManifest.xml:10:5-73
21-->src\main\AndroidManifest.xml:10:22-70
22    <uses-permission
22-->src\main\AndroidManifest.xml:11:5-107
23        android:name="android.permission.READ_EXTERNAL_STORAGE"
23-->src\main\AndroidManifest.xml:11:22-77
24        android:maxSdkVersion="32" />
24-->src\main\AndroidManifest.xml:11:78-104
25    <uses-permission
25-->src\main\AndroidManifest.xml:12:5-108
26        android:name="android.permission.WRITE_EXTERNAL_STORAGE"
26-->src\main\AndroidManifest.xml:12:22-78
27        android:maxSdkVersion="28" />
27-->src\main\AndroidManifest.xml:12:79-105
28    <uses-permission android:name="android.permission.CAMERA" />
28-->src\main\AndroidManifest.xml:13:5-65
28-->src\main\AndroidManifest.xml:13:22-62
29    <uses-permission android:name="android.permission.WAKE_LOCK" />
29-->[com.google.android.gms:play-services-measurement:21.5.0] AndroidManifest.xml:25:5-68
29-->[com.google.android.gms:play-services-measurement:21.5.0] AndroidManifest.xml:25:22-65
30    <uses-permission android:name="com.google.android.finsky.permission.BIND_GET_INSTALL_REFERRER_SERVICE" />
30-->[com.google.android.gms:play-services-measurement:21.5.0] AndroidManifest.xml:26:5-110
30-->[com.google.android.gms:play-services-measurement:21.5.0] AndroidManifest.xml:26:22-107
31    <uses-permission android:name="com.google.android.gms.permission.AD_ID" />
31-->[com.google.android.gms:play-services-measurement-api:21.5.0] AndroidManifest.xml:25:5-79
31-->[com.google.android.gms:play-services-measurement-api:21.5.0] AndroidManifest.xml:25:22-76
32    <uses-permission android:name="android.permission.ACCESS_ADSERVICES_ATTRIBUTION" />
32-->[com.google.android.gms:play-services-measurement-api:21.5.0] AndroidManifest.xml:26:5-88
32-->[com.google.android.gms:play-services-measurement-api:21.5.0] AndroidManifest.xml:26:22-85
33    <uses-permission android:name="android.permission.ACCESS_ADSERVICES_AD_ID" />
33-->[com.google.android.gms:play-services-measurement-api:21.5.0] AndroidManifest.xml:27:5-82
33-->[com.google.android.gms:play-services-measurement-api:21.5.0] AndroidManifest.xml:27:22-79
34
35    <permission
35-->[androidx.core:core:1.12.0] AndroidManifest.xml:22:5-24:47
36        android:name="com.motor.diagnostic.DYNAMIC_RECEIVER_NOT_EXPORTED_PERMISSION"
36-->[androidx.core:core:1.12.0] AndroidManifest.xml:23:9-81
37        android:protectionLevel="signature" />
37-->[androidx.core:core:1.12.0] AndroidManifest.xml:24:9-44
38
39    <uses-permission android:name="com.motor.diagnostic.DYNAMIC_RECEIVER_NOT_EXPORTED_PERMISSION" />
39-->[androidx.core:core:1.12.0] AndroidManifest.xml:26:5-97
39-->[androidx.core:core:1.12.0] AndroidManifest.xml:26:22-94
40
41    <application
41-->src\main\AndroidManifest.xml:15:5-52:19
42        android:name="com.motor.diagnostic.MotorDiagnosticApplication"
42-->src\main\AndroidManifest.xml:16:9-51
43        android:allowBackup="true"
43-->src\main\AndroidManifest.xml:17:9-35
44        android:appComponentFactory="androidx.core.app.CoreComponentFactory"
44-->[androidx.core:core:1.12.0] AndroidManifest.xml:28:18-86
45        android:debuggable="true"
46        android:extractNativeLibs="false"
47        android:icon="@mipmap/ic_launcher"
47-->src\main\AndroidManifest.xml:18:9-43
48        android:label="@string/app_name"
48-->src\main\AndroidManifest.xml:19:9-41
49        android:roundIcon="@mipmap/ic_launcher_round"
49-->src\main\AndroidManifest.xml:20:9-54
50        android:supportsRtl="true"
50-->src\main\AndroidManifest.xml:21:9-35
51        android:theme="@style/Theme.MotorDiagnostic"
51-->src\main\AndroidManifest.xml:22:9-53
52        android:usesCleartextTraffic="false" >
52-->src\main\AndroidManifest.xml:23:9-45
53
54        <!-- Firebase Database persistence -->
55        <meta-data
55-->src\main\AndroidManifest.xml:26:9-28:101
56            android:name="firebase_database_url"
56-->src\main\AndroidManifest.xml:27:13-49
57            android:value="https://motor-b1a63-default-rtdb.asia-southeast1.firebasedatabase.app" />
57-->src\main\AndroidManifest.xml:28:13-98
58
59        <activity
59-->src\main\AndroidManifest.xml:30:9-38:20
60            android:name="com.motor.diagnostic.presentation.ui.SplashActivity"
60-->src\main\AndroidManifest.xml:31:13-59
61            android:exported="true"
61-->src\main\AndroidManifest.xml:32:13-36
62            android:theme="@style/SplashTheme" >
62-->src\main\AndroidManifest.xml:33:13-47
63            <intent-filter>
63-->src\main\AndroidManifest.xml:34:13-37:29
64                <action android:name="android.intent.action.MAIN" />
64-->src\main\AndroidManifest.xml:35:17-69
64-->src\main\AndroidManifest.xml:35:25-66
65
66                <category android:name="android.intent.category.LAUNCHER" />
66-->src\main\AndroidManifest.xml:36:17-77
66-->src\main\AndroidManifest.xml:36:27-74
67            </intent-filter>
68        </activity>
69        <activity
69-->src\main\AndroidManifest.xml:40:9-42:40
70            android:name="com.motor.diagnostic.presentation.ui.authentication.LoginActivity"
70-->src\main\AndroidManifest.xml:41:13-73
71            android:exported="false" />
71-->src\main\AndroidManifest.xml:42:13-37
72        <activity
72-->src\main\AndroidManifest.xml:44:9-46:40
73            android:name="com.motor.diagnostic.presentation.ui.authentication.RegisterActivity"
73-->src\main\AndroidManifest.xml:45:13-76
74            android:exported="false" />
74-->src\main\AndroidManifest.xml:46:13-37
75        <activity
75-->src\main\AndroidManifest.xml:48:9-50:40
76            android:name="com.motor.diagnostic.presentation.ui.MainActivity"
76-->src\main\AndroidManifest.xml:49:13-57
77            android:exported="false" />
77-->src\main\AndroidManifest.xml:50:13-37
78
79        <provider
79-->[androidx.emoji2:emoji2:1.2.0] AndroidManifest.xml:24:9-32:20
80            android:name="androidx.startup.InitializationProvider"
80-->[androidx.emoji2:emoji2:1.2.0] AndroidManifest.xml:25:13-67
81            android:authorities="com.motor.diagnostic.androidx-startup"
81-->[androidx.emoji2:emoji2:1.2.0] AndroidManifest.xml:26:13-68
82            android:exported="false" >
82-->[androidx.emoji2:emoji2:1.2.0] AndroidManifest.xml:27:13-37
83            <meta-data
83-->[androidx.emoji2:emoji2:1.2.0] AndroidManifest.xml:29:13-31:52
84                android:name="androidx.emoji2.text.EmojiCompatInitializer"
84-->[androidx.emoji2:emoji2:1.2.0] AndroidManifest.xml:30:17-75
85                android:value="androidx.startup" />
85-->[androidx.emoji2:emoji2:1.2.0] AndroidManifest.xml:31:17-49
86            <meta-data
86-->[androidx.lifecycle:lifecycle-process:2.6.2] AndroidManifest.xml:29:13-31:52
87                android:name="androidx.lifecycle.ProcessLifecycleInitializer"
87-->[androidx.lifecycle:lifecycle-process:2.6.2] AndroidManifest.xml:30:17-78
88                android:value="androidx.startup" />
88-->[androidx.lifecycle:lifecycle-process:2.6.2] AndroidManifest.xml:31:17-49
89            <meta-data
89-->[androidx.profileinstaller:profileinstaller:1.3.0] AndroidManifest.xml:29:13-31:52
90                android:name="androidx.profileinstaller.ProfileInstallerInitializer"
90-->[androidx.profileinstaller:profileinstaller:1.3.0] AndroidManifest.xml:30:17-85
91                android:value="androidx.startup" />
91-->[androidx.profileinstaller:profileinstaller:1.3.0] AndroidManifest.xml:31:17-49
92        </provider>
93
94        <activity
94-->[com.google.firebase:firebase-auth:22.3.0] AndroidManifest.xml:29:9-46:20
95            android:name="com.google.firebase.auth.internal.GenericIdpActivity"
95-->[com.google.firebase:firebase-auth:22.3.0] AndroidManifest.xml:30:13-80
96            android:excludeFromRecents="true"
96-->[com.google.firebase:firebase-auth:22.3.0] AndroidManifest.xml:31:13-46
97            android:exported="true"
97-->[com.google.firebase:firebase-auth:22.3.0] AndroidManifest.xml:32:13-36
98            android:launchMode="singleTask"
98-->[com.google.firebase:firebase-auth:22.3.0] AndroidManifest.xml:33:13-44
99            android:theme="@android:style/Theme.Translucent.NoTitleBar" >
99-->[com.google.firebase:firebase-auth:22.3.0] AndroidManifest.xml:34:13-72
100            <intent-filter>
100-->[com.google.firebase:firebase-auth:22.3.0] AndroidManifest.xml:35:13-45:29
101                <action android:name="android.intent.action.VIEW" />
101-->[com.google.firebase:firebase-auth:22.3.0] AndroidManifest.xml:36:17-69
101-->[com.google.firebase:firebase-auth:22.3.0] AndroidManifest.xml:36:25-66
102
103                <category android:name="android.intent.category.DEFAULT" />
103-->[com.google.firebase:firebase-auth:22.3.0] AndroidManifest.xml:38:17-76
103-->[com.google.firebase:firebase-auth:22.3.0] AndroidManifest.xml:38:27-73
104                <category android:name="android.intent.category.BROWSABLE" />
104-->[com.google.firebase:firebase-auth:22.3.0] AndroidManifest.xml:39:17-78
104-->[com.google.firebase:firebase-auth:22.3.0] AndroidManifest.xml:39:27-75
105
106                <data
106-->[com.google.firebase:firebase-auth:22.3.0] AndroidManifest.xml:41:17-44:51
107                    android:host="firebase.auth"
107-->[com.google.firebase:firebase-auth:22.3.0] AndroidManifest.xml:42:21-49
108                    android:path="/"
108-->[com.google.firebase:firebase-auth:22.3.0] AndroidManifest.xml:43:21-37
109                    android:scheme="genericidp" />
109-->[com.google.firebase:firebase-auth:22.3.0] AndroidManifest.xml:44:21-48
110            </intent-filter>
111        </activity>
112        <activity
112-->[com.google.firebase:firebase-auth:22.3.0] AndroidManifest.xml:47:9-64:20
113            android:name="com.google.firebase.auth.internal.RecaptchaActivity"
113-->[com.google.firebase:firebase-auth:22.3.0] AndroidManifest.xml:48:13-79
114            android:excludeFromRecents="true"
114-->[com.google.firebase:firebase-auth:22.3.0] AndroidManifest.xml:49:13-46
115            android:exported="true"
115-->[com.google.firebase:firebase-auth:22.3.0] AndroidManifest.xml:50:13-36
116            android:launchMode="singleTask"
116-->[com.google.firebase:firebase-auth:22.3.0] AndroidManifest.xml:51:13-44
117            android:theme="@android:style/Theme.Translucent.NoTitleBar" >
117-->[com.google.firebase:firebase-auth:22.3.0] AndroidManifest.xml:52:13-72
118            <intent-filter>
118-->[com.google.firebase:firebase-auth:22.3.0] AndroidManifest.xml:53:13-63:29
119                <action android:name="android.intent.action.VIEW" />
119-->[com.google.firebase:firebase-auth:22.3.0] AndroidManifest.xml:36:17-69
119-->[com.google.firebase:firebase-auth:22.3.0] AndroidManifest.xml:36:25-66
120
121                <category android:name="android.intent.category.DEFAULT" />
121-->[com.google.firebase:firebase-auth:22.3.0] AndroidManifest.xml:38:17-76
121-->[com.google.firebase:firebase-auth:22.3.0] AndroidManifest.xml:38:27-73
122                <category android:name="android.intent.category.BROWSABLE" />
122-->[com.google.firebase:firebase-auth:22.3.0] AndroidManifest.xml:39:17-78
122-->[com.google.firebase:firebase-auth:22.3.0] AndroidManifest.xml:39:27-75
123
124                <data
124-->[com.google.firebase:firebase-auth:22.3.0] AndroidManifest.xml:41:17-44:51
125                    android:host="firebase.auth"
125-->[com.google.firebase:firebase-auth:22.3.0] AndroidManifest.xml:42:21-49
126                    android:path="/"
126-->[com.google.firebase:firebase-auth:22.3.0] AndroidManifest.xml:43:21-37
127                    android:scheme="recaptcha" />
127-->[com.google.firebase:firebase-auth:22.3.0] AndroidManifest.xml:44:21-48
128            </intent-filter>
129        </activity>
130
131        <service
131-->[com.google.firebase:firebase-auth:22.3.0] AndroidManifest.xml:66:9-72:19
132            android:name="com.google.firebase.components.ComponentDiscoveryService"
132-->[com.google.firebase:firebase-auth:22.3.0] AndroidManifest.xml:67:13-84
133            android:directBootAware="true"
133-->[com.google.firebase:firebase-common:20.4.2] AndroidManifest.xml:32:13-43
134            android:exported="false" >
134-->[com.google.firebase:firebase-auth:22.3.0] AndroidManifest.xml:68:13-37
135            <meta-data
135-->[com.google.firebase:firebase-auth:22.3.0] AndroidManifest.xml:69:13-71:85
136                android:name="com.google.firebase.components:com.google.firebase.auth.FirebaseAuthRegistrar"
136-->[com.google.firebase:firebase-auth:22.3.0] AndroidManifest.xml:70:17-109
137                android:value="com.google.firebase.components.ComponentRegistrar" />
137-->[com.google.firebase:firebase-auth:22.3.0] AndroidManifest.xml:71:17-82
138            <meta-data
138-->[com.google.firebase:firebase-database:20.3.0] AndroidManifest.xml:29:13-31:85
139                android:name="com.google.firebase.components:com.google.firebase.database.FirebaseDatabaseKtxRegistrar"
139-->[com.google.firebase:firebase-database:20.3.0] AndroidManifest.xml:30:17-120
140                android:value="com.google.firebase.components.ComponentRegistrar" />
140-->[com.google.firebase:firebase-database:20.3.0] AndroidManifest.xml:31:17-82
141            <meta-data
141-->[com.google.firebase:firebase-database:20.3.0] AndroidManifest.xml:32:13-34:85
142                android:name="com.google.firebase.components:com.google.firebase.database.DatabaseRegistrar"
142-->[com.google.firebase:firebase-database:20.3.0] AndroidManifest.xml:33:17-109
143                android:value="com.google.firebase.components.ComponentRegistrar" />
143-->[com.google.firebase:firebase-database:20.3.0] AndroidManifest.xml:34:17-82
144            <meta-data
144-->[com.google.android.gms:play-services-measurement-api:21.5.0] AndroidManifest.xml:37:13-39:85
145                android:name="com.google.firebase.components:com.google.firebase.analytics.connector.internal.AnalyticsConnectorRegistrar"
145-->[com.google.android.gms:play-services-measurement-api:21.5.0] AndroidManifest.xml:38:17-139
146                android:value="com.google.firebase.components.ComponentRegistrar" />
146-->[com.google.android.gms:play-services-measurement-api:21.5.0] AndroidManifest.xml:39:17-82
147            <meta-data
147-->[com.google.firebase:firebase-storage:20.3.0] AndroidManifest.xml:30:13-32:85
148                android:name="com.google.firebase.components:com.google.firebase.storage.FirebaseStorageKtxRegistrar"
148-->[com.google.firebase:firebase-storage:20.3.0] AndroidManifest.xml:31:17-118
149                android:value="com.google.firebase.components.ComponentRegistrar" />
149-->[com.google.firebase:firebase-storage:20.3.0] AndroidManifest.xml:32:17-82
150            <meta-data
150-->[com.google.firebase:firebase-storage:20.3.0] AndroidManifest.xml:33:13-35:85
151                android:name="com.google.firebase.components:com.google.firebase.storage.StorageRegistrar"
151-->[com.google.firebase:firebase-storage:20.3.0] AndroidManifest.xml:34:17-107
152                android:value="com.google.firebase.components.ComponentRegistrar" />
152-->[com.google.firebase:firebase-storage:20.3.0] AndroidManifest.xml:35:17-82
153            <meta-data
153-->[com.google.firebase:firebase-appcheck:17.1.1] AndroidManifest.xml:25:13-27:85
154                android:name="com.google.firebase.components:com.google.firebase.appcheck.FirebaseAppCheckKtxRegistrar"
154-->[com.google.firebase:firebase-appcheck:17.1.1] AndroidManifest.xml:26:17-120
155                android:value="com.google.firebase.components.ComponentRegistrar" />
155-->[com.google.firebase:firebase-appcheck:17.1.1] AndroidManifest.xml:27:17-82
156            <meta-data
156-->[com.google.firebase:firebase-appcheck:17.1.1] AndroidManifest.xml:28:13-30:85
157                android:name="com.google.firebase.components:com.google.firebase.appcheck.FirebaseAppCheckRegistrar"
157-->[com.google.firebase:firebase-appcheck:17.1.1] AndroidManifest.xml:29:17-117
158                android:value="com.google.firebase.components.ComponentRegistrar" />
158-->[com.google.firebase:firebase-appcheck:17.1.1] AndroidManifest.xml:30:17-82
159            <meta-data
159-->[com.google.firebase:firebase-installations:17.2.0] AndroidManifest.xml:15:13-17:85
160                android:name="com.google.firebase.components:com.google.firebase.installations.FirebaseInstallationsKtxRegistrar"
160-->[com.google.firebase:firebase-installations:17.2.0] AndroidManifest.xml:16:17-130
161                android:value="com.google.firebase.components.ComponentRegistrar" />
161-->[com.google.firebase:firebase-installations:17.2.0] AndroidManifest.xml:17:17-82
162            <meta-data
162-->[com.google.firebase:firebase-installations:17.2.0] AndroidManifest.xml:18:13-20:85
163                android:name="com.google.firebase.components:com.google.firebase.installations.FirebaseInstallationsRegistrar"
163-->[com.google.firebase:firebase-installations:17.2.0] AndroidManifest.xml:19:17-127
164                android:value="com.google.firebase.components.ComponentRegistrar" />
164-->[com.google.firebase:firebase-installations:17.2.0] AndroidManifest.xml:20:17-82
165            <meta-data
165-->[com.google.firebase:firebase-common-ktx:20.4.2] AndroidManifest.xml:12:13-14:85
166                android:name="com.google.firebase.components:com.google.firebase.ktx.FirebaseCommonLegacyRegistrar"
166-->[com.google.firebase:firebase-common-ktx:20.4.2] AndroidManifest.xml:13:17-116
167                android:value="com.google.firebase.components.ComponentRegistrar" />
167-->[com.google.firebase:firebase-common-ktx:20.4.2] AndroidManifest.xml:14:17-82
168            <meta-data
168-->[com.google.firebase:firebase-common:20.4.2] AndroidManifest.xml:35:13-37:85
169                android:name="com.google.firebase.components:com.google.firebase.FirebaseCommonKtxRegistrar"
169-->[com.google.firebase:firebase-common:20.4.2] AndroidManifest.xml:36:17-109
170                android:value="com.google.firebase.components.ComponentRegistrar" />
170-->[com.google.firebase:firebase-common:20.4.2] AndroidManifest.xml:37:17-82
171        </service>
172
173        <receiver
173-->[com.google.android.gms:play-services-measurement:21.5.0] AndroidManifest.xml:29:9-33:20
174            android:name="com.google.android.gms.measurement.AppMeasurementReceiver"
174-->[com.google.android.gms:play-services-measurement:21.5.0] AndroidManifest.xml:30:13-85
175            android:enabled="true"
175-->[com.google.android.gms:play-services-measurement:21.5.0] AndroidManifest.xml:31:13-35
176            android:exported="false" >
176-->[com.google.android.gms:play-services-measurement:21.5.0] AndroidManifest.xml:32:13-37
177        </receiver>
178
179        <service
179-->[com.google.android.gms:play-services-measurement:21.5.0] AndroidManifest.xml:35:9-38:40
180            android:name="com.google.android.gms.measurement.AppMeasurementService"
180-->[com.google.android.gms:play-services-measurement:21.5.0] AndroidManifest.xml:36:13-84
181            android:enabled="true"
181-->[com.google.android.gms:play-services-measurement:21.5.0] AndroidManifest.xml:37:13-35
182            android:exported="false" />
182-->[com.google.android.gms:play-services-measurement:21.5.0] AndroidManifest.xml:38:13-37
183        <service
183-->[com.google.android.gms:play-services-measurement:21.5.0] AndroidManifest.xml:39:9-43:72
184            android:name="com.google.android.gms.measurement.AppMeasurementJobService"
184-->[com.google.android.gms:play-services-measurement:21.5.0] AndroidManifest.xml:40:13-87
185            android:enabled="true"
185-->[com.google.android.gms:play-services-measurement:21.5.0] AndroidManifest.xml:41:13-35
186            android:exported="false"
186-->[com.google.android.gms:play-services-measurement:21.5.0] AndroidManifest.xml:42:13-37
187            android:permission="android.permission.BIND_JOB_SERVICE" />
187-->[com.google.android.gms:play-services-measurement:21.5.0] AndroidManifest.xml:43:13-69
188
189        <property
189-->[com.google.android.gms:play-services-measurement-api:21.5.0] AndroidManifest.xml:30:9-32:61
190            android:name="android.adservices.AD_SERVICES_CONFIG"
190-->[com.google.android.gms:play-services-measurement-api:21.5.0] AndroidManifest.xml:31:13-65
191            android:resource="@xml/ga_ad_services_config" />
191-->[com.google.android.gms:play-services-measurement-api:21.5.0] AndroidManifest.xml:32:13-58
192
193        <provider
193-->[com.google.firebase:firebase-common:20.4.2] AndroidManifest.xml:23:9-28:39
194            android:name="com.google.firebase.provider.FirebaseInitProvider"
194-->[com.google.firebase:firebase-common:20.4.2] AndroidManifest.xml:24:13-77
195            android:authorities="com.motor.diagnostic.firebaseinitprovider"
195-->[com.google.firebase:firebase-common:20.4.2] AndroidManifest.xml:25:13-72
196            android:directBootAware="true"
196-->[com.google.firebase:firebase-common:20.4.2] AndroidManifest.xml:26:13-43
197            android:exported="false"
197-->[com.google.firebase:firebase-common:20.4.2] AndroidManifest.xml:27:13-37
198            android:initOrder="100" />
198-->[com.google.firebase:firebase-common:20.4.2] AndroidManifest.xml:28:13-36
199
200        <activity
200-->[com.google.android.gms:play-services-base:18.1.0] AndroidManifest.xml:20:9-22:45
201            android:name="com.google.android.gms.common.api.GoogleApiActivity"
201-->[com.google.android.gms:play-services-base:18.1.0] AndroidManifest.xml:20:19-85
202            android:exported="false"
202-->[com.google.android.gms:play-services-base:18.1.0] AndroidManifest.xml:22:19-43
203            android:theme="@android:style/Theme.Translucent.NoTitleBar" />
203-->[com.google.android.gms:play-services-base:18.1.0] AndroidManifest.xml:21:19-78
204
205        <uses-library
205-->[androidx.privacysandbox.ads:ads-adservices:1.0.0-beta05] AndroidManifest.xml:23:9-25:40
206            android:name="android.ext.adservices"
206-->[androidx.privacysandbox.ads:ads-adservices:1.0.0-beta05] AndroidManifest.xml:24:13-50
207            android:required="false" />
207-->[androidx.privacysandbox.ads:ads-adservices:1.0.0-beta05] AndroidManifest.xml:25:13-37
208        <uses-library
208-->[androidx.window:window:1.0.0] AndroidManifest.xml:25:9-27:40
209            android:name="androidx.window.extensions"
209-->[androidx.window:window:1.0.0] AndroidManifest.xml:26:13-54
210            android:required="false" />
210-->[androidx.window:window:1.0.0] AndroidManifest.xml:27:13-37
211        <uses-library
211-->[androidx.window:window:1.0.0] AndroidManifest.xml:28:9-30:40
212            android:name="androidx.window.sidecar"
212-->[androidx.window:window:1.0.0] AndroidManifest.xml:29:13-51
213            android:required="false" />
213-->[androidx.window:window:1.0.0] AndroidManifest.xml:30:13-37
214
215        <meta-data
215-->[com.google.android.gms:play-services-basement:18.1.0] AndroidManifest.xml:21:9-23:69
216            android:name="com.google.android.gms.version"
216-->[com.google.android.gms:play-services-basement:18.1.0] AndroidManifest.xml:22:13-58
217            android:value="@integer/google_play_services_version" />
217-->[com.google.android.gms:play-services-basement:18.1.0] AndroidManifest.xml:23:13-66
218
219        <receiver
219-->[androidx.profileinstaller:profileinstaller:1.3.0] AndroidManifest.xml:34:9-52:20
220            android:name="androidx.profileinstaller.ProfileInstallReceiver"
220-->[androidx.profileinstaller:profileinstaller:1.3.0] AndroidManifest.xml:35:13-76
221            android:directBootAware="false"
221-->[androidx.profileinstaller:profileinstaller:1.3.0] AndroidManifest.xml:36:13-44
222            android:enabled="true"
222-->[androidx.profileinstaller:profileinstaller:1.3.0] AndroidManifest.xml:37:13-35
223            android:exported="true"
223-->[androidx.profileinstaller:profileinstaller:1.3.0] AndroidManifest.xml:38:13-36
224            android:permission="android.permission.DUMP" >
224-->[androidx.profileinstaller:profileinstaller:1.3.0] AndroidManifest.xml:39:13-57
225            <intent-filter>
225-->[androidx.profileinstaller:profileinstaller:1.3.0] AndroidManifest.xml:40:13-42:29
226                <action android:name="androidx.profileinstaller.action.INSTALL_PROFILE" />
226-->[androidx.profileinstaller:profileinstaller:1.3.0] AndroidManifest.xml:41:17-91
226-->[androidx.profileinstaller:profileinstaller:1.3.0] AndroidManifest.xml:41:25-88
227            </intent-filter>
228            <intent-filter>
228-->[androidx.profileinstaller:profileinstaller:1.3.0] AndroidManifest.xml:43:13-45:29
229                <action android:name="androidx.profileinstaller.action.SKIP_FILE" />
229-->[androidx.profileinstaller:profileinstaller:1.3.0] AndroidManifest.xml:44:17-85
229-->[androidx.profileinstaller:profileinstaller:1.3.0] AndroidManifest.xml:44:25-82
230            </intent-filter>
231            <intent-filter>
231-->[androidx.profileinstaller:profileinstaller:1.3.0] AndroidManifest.xml:46:13-48:29
232                <action android:name="androidx.profileinstaller.action.SAVE_PROFILE" />
232-->[androidx.profileinstaller:profileinstaller:1.3.0] AndroidManifest.xml:47:17-88
232-->[androidx.profileinstaller:profileinstaller:1.3.0] AndroidManifest.xml:47:25-85
233            </intent-filter>
234            <intent-filter>
234-->[androidx.profileinstaller:profileinstaller:1.3.0] AndroidManifest.xml:49:13-51:29
235                <action android:name="androidx.profileinstaller.action.BENCHMARK_OPERATION" />
235-->[androidx.profileinstaller:profileinstaller:1.3.0] AndroidManifest.xml:50:17-95
235-->[androidx.profileinstaller:profileinstaller:1.3.0] AndroidManifest.xml:50:25-92
236            </intent-filter>
237        </receiver>
238    </application>
239
240</manifest>